<?xml version="1.0" encoding="UTF-8"?>
<!-- Generated by org.testng.reporters.JUnitXMLReporter -->
<testsuite hostname="DESKTOP-UAHLVC7" ignored="1" name="Default test" tests="2" failures="0" timestamp="05 Apr 2019 01:24:55 GMT" time="15.278" errors="0">
  <testcase name="TC001" time="1.841" classname="tests.LoginTest"/>
  <testcase name="TC001" time="2.291" classname="tests.LoginTest"/>
  <testcase name="TC002" time="0.0" classname="tests.LoginTest">
    <ignored/>
  </testcase> <!-- TC002 -->
</testsuite> <!-- Default test -->
