<?xml version="1.0" encoding="UTF-8"?>
<testsuite xmlns:xsi="http://www.w3.org/2001/XMLSchema-instance" xsi:noNamespaceSchemaLocation="https://maven.apache.org/surefire/maven-surefire-plugin/xsd/surefire-test-report-3.0.xsd" version="3.0" name="TestSuite" time="11.716" tests="1" errors="0" skipped="0" failures="1">
  <properties>
[...]
</properties>
  <testcase name="TC001" classname="tests.LoginTest" time="2.169">
    <failure message="expected [Số điện thoại hoặc mật khẩu không đúng, vui lòng đăng nhập lại!] but found [Số điện thoại hoặc mật khẩu không đúng, vui lòng đăng nhập lại.]" type="java.lang.AssertionError">java.lang.AssertionError: expected [Số điện thoại hoặc mật khẩu không đúng, vui lòng đăng nhập lại!] but found [Số điện thoại hoặc mật khẩu không đúng, vui lòng đăng nhập lại.]
	at tests.LoginTest.TC001(LoginTest.java:20)
</failure>
    <system-err><![CDATA[Starting ChromeDriver 73.0.3683.68 (47787ec04b6e38e22703e856e101e840b65afe72) on port 23115
Only local connections are allowed.
Please protect ports used by ChromeDriver and related test frameworks to prevent access by malicious code.
Apr 04, 2019 12:41:17 PM org.openqa.selenium.remote.ProtocolHandshake createSession
INFO: Detected dialect: OSS
]]></system-err>
  </testcase>
</testsuite>