-------------------------------------------------------------------------------
Test set: TestSuite
-------------------------------------------------------------------------------
Tests run: 1, Failures: 1, Errors: 0, Skipped: 0, Time elapsed: 11.716 s <<< FAILURE! - in TestSuite
TC001(tests.LoginTest)  Time elapsed: 2.169 s  <<< FAILURE!
java.lang.AssertionError: expected [S? ?i?n tho?i ho?c m?t kh?u không ?úng, vui lòng ??ng nh?p l?i!] but found [S? ?i?n tho?i ho?c m?t kh?u không ?úng, vui lòng ??ng nh?p l?i.]
	at tests.LoginTest.TC001(LoginTest.java:20)

